<?xml version="1.0" encoding="UTF-8"?>
<coverage generated="1650872257691" clover="3.2.0">
  <project timestamp="1650872257692" name="All files">
    <metrics statements="36" coveredstatements="22" conditionals="42" coveredconditionals="23" methods="10" coveredmethods="8" elements="88" coveredelements="53" complexity="0" loc="36" ncloc="36" packages="1" files="2" classes="2"/>
    <file name="index.ts" path="/Users/lzb/Desktop/person/ts-babel-remove-console-plugin/src/index.ts">
      <metrics statements="18" coveredstatements="11" conditionals="20" coveredconditionals="10" methods="3" coveredmethods="3"/>
      <line num="14" count="2" type="stmt"/>
      <line num="17" count="11" type="stmt"/>
      <line num="20" count="11" type="cond" truecount="2" falsecount="0"/>
      <line num="21" count="2" type="stmt"/>
      <line num="24" count="9" type="cond" truecount="2" falsecount="0"/>
      <line num="26" count="4" type="cond" truecount="1" falsecount="1"/>
      <line num="28" count="4" type="stmt"/>
      <line num="31" count="0" type="stmt"/>
      <line num="33" count="5" type="cond" truecount="1" falsecount="1"/>
      <line num="35" count="0" type="stmt"/>
      <line num="43" count="5" type="cond" truecount="2" falsecount="2"/>
      <line num="44" count="0" type="stmt"/>
      <line num="46" count="5" type="cond" truecount="2" falsecount="2"/>
      <line num="47" count="0" type="cond" truecount="0" falsecount="4"/>
      <line num="48" count="0" type="stmt"/>
      <line num="49" count="0" type="stmt"/>
      <line num="51" count="0" type="stmt"/>
      <line num="58" count="2" type="stmt"/>
    </file>
    <file name="utils.ts" path="/Users/lzb/Desktop/person/ts-babel-remove-console-plugin/src/utils.ts">
      <metrics statements="18" coveredstatements="11" conditionals="22" coveredconditionals="13" methods="7" coveredmethods="5"/>
      <line num="25" count="14" type="stmt"/>
      <line num="27" count="14" type="stmt"/>
      <line num="29" count="14" type="cond" truecount="2" falsecount="0"/>
      <line num="32" count="6" type="cond" truecount="2" falsecount="0"/>
      <line num="35" count="4" type="cond" truecount="1" falsecount="1"/>
      <line num="37" count="0" type="cond" truecount="0" falsecount="3"/>
      <line num="41" count="0" type="stmt"/>
      <line num="46" count="5" type="stmt"/>
      <line num="48" count="5" type="stmt"/>
      <line num="50" count="5" type="cond" truecount="2" falsecount="0"/>
      <line num="52" count="1" type="cond" truecount="1" falsecount="1"/>
      <line num="54" count="0" type="cond" truecount="0" falsecount="2"/>
      <line num="57" count="0" type="cond" truecount="0" falsecount="2"/>
      <line num="60" count="0" type="stmt"/>
      <line num="71" count="6" type="cond" truecount="2" falsecount="0"/>
      <line num="76" count="4" type="cond" truecount="3" falsecount="0"/>
      <line num="83" count="0" type="stmt"/>
      <line num="87" count="0" type="stmt"/>
    </file>
  </project>
</coverage>
