{"/Users/lzb/Desktop/person/ts-babel-remove-console-plugin/src/index.ts": {"path":"/Users/lzb/Desktop/person/ts-babel-remove-console-plugin/src/index.ts","statementMap":{"0":{"start":{"line":14,"column":58},"end":{"line":57,"column":5}},"1":{"start":{"line":17,"column":28},"end":{"line":17,"column":76}},"2":{"start":{"line":20,"column":13},"end":{"line":22,"column":14}},"3":{"start":{"line":21,"column":17},"end":{"line":21,"column":24}},"4":{"start":{"line":24,"column":12},"end":{"line":38,"column":13}},"5":{"start":{"line":26,"column":16},"end":{"line":32,"column":17}},"6":{"start":{"line":28,"column":20},"end":{"line":28,"column":34}},"7":{"start":{"line":31,"column":20},"end":{"line":31,"column":51}},"8":{"start":{"line":33,"column":19},"end":{"line":38,"column":13}},"9":{"start":{"line":35,"column":16},"end":{"line":35,"column":47}},"10":{"start":{"line":43,"column":14},"end":{"line":45,"column":15}},"11":{"start":{"line":44,"column":18},"end":{"line":44,"column":25}},"12":{"start":{"line":46,"column":14},"end":{"line":54,"column":15}},"13":{"start":{"line":47,"column":18},"end":{"line":52,"column":19}},"14":{"start":{"line":48,"column":45},"end":{"line":48,"column":107}},"15":{"start":{"line":49,"column":23},"end":{"line":49,"column":63}},"16":{"start":{"line":51,"column":22},"end":{"line":51,"column":53}},"17":{"start":{"line":58,"column":4},"end":{"line":61,"column":5}}},"fnMap":{"0":{"name":"removeConsolePlugin","decl":{"start":{"line":12,"column":24},"end":{"line":12,"column":43}},"loc":{"start":{"line":12,"column":117},"end":{"line":62,"column":1}},"line":12},"1":{"name":"(anonymous_1)","decl":{"start":{"line":15,"column":8},"end":{"line":15,"column":9}},"loc":{"start":{"line":15,"column":42},"end":{"line":39,"column":9}},"line":15},"2":{"name":"(anonymous_2)","decl":{"start":{"line":41,"column":10},"end":{"line":41,"column":11}},"loc":{"start":{"line":41,"column":61},"end":{"line":55,"column":11}},"line":41}},"branchMap":{"0":{"loc":{"start":{"line":20,"column":13},"end":{"line":22,"column":14}},"type":"if","locations":[{"start":{"line":20,"column":13},"end":{"line":22,"column":14}},{"start":{},"end":{}}],"line":20},"1":{"loc":{"start":{"line":24,"column":12},"end":{"line":38,"column":13}},"type":"if","locations":[{"start":{"line":24,"column":12},"end":{"line":38,"column":13}},{"start":{"line":33,"column":19},"end":{"line":38,"column":13}}],"line":24},"2":{"loc":{"start":{"line":26,"column":16},"end":{"line":32,"column":17}},"type":"if","locations":[{"start":{"line":26,"column":16},"end":{"line":32,"column":17}},{"start":{"line":29,"column":23},"end":{"line":32,"column":17}}],"line":26},"3":{"loc":{"start":{"line":33,"column":19},"end":{"line":38,"column":13}},"type":"if","locations":[{"start":{"line":33,"column":19},"end":{"line":38,"column":13}},{"start":{"line":36,"column":18},"end":{"line":38,"column":13}}],"line":33},"4":{"loc":{"start":{"line":43,"column":14},"end":{"line":45,"column":15}},"type":"if","locations":[{"start":{"line":43,"column":14},"end":{"line":45,"column":15}},{"start":{},"end":{}}],"line":43},"5":{"loc":{"start":{"line":43,"column":17},"end":{"line":43,"column":59}},"type":"binary-expr","locations":[{"start":{"line":43,"column":17},"end":{"line":43,"column":29}},{"start":{"line":43,"column":33},"end":{"line":43,"column":59}}],"line":43},"6":{"loc":{"start":{"line":46,"column":14},"end":{"line":54,"column":15}},"type":"if","locations":[{"start":{"line":46,"column":14},"end":{"line":54,"column":15}},{"start":{},"end":{}}],"line":46},"7":{"loc":{"start":{"line":46,"column":17},"end":{"line":46,"column":93}},"type":"binary-expr","locations":[{"start":{"line":46,"column":17},"end":{"line":46,"column":52}},{"start":{"line":46,"column":56},"end":{"line":46,"column":93}}],"line":46},"8":{"loc":{"start":{"line":47,"column":18},"end":{"line":52,"column":19}},"type":"if","locations":[{"start":{"line":47,"column":18},"end":{"line":52,"column":19}},{"start":{"line":50,"column":24},"end":{"line":52,"column":19}}],"line":47},"9":{"loc":{"start":{"line":47,"column":21},"end":{"line":47,"column":90}},"type":"binary-expr","locations":[{"start":{"line":47,"column":21},"end":{"line":47,"column":61}},{"start":{"line":47,"column":65},"end":{"line":47,"column":90}}],"line":47}},"s":{"0":2,"1":11,"2":11,"3":2,"4":9,"5":4,"6":4,"7":0,"8":5,"9":0,"10":5,"11":0,"12":5,"13":0,"14":0,"15":0,"16":0,"17":2},"f":{"0":2,"1":11,"2":5},"b":{"0":[2,9],"1":[4,5],"2":[4,0],"3":[0,5],"4":[0,5],"5":[5,0],"6":[0,5],"7":[5,0],"8":[0,0],"9":[0,0]},"_coverageSchema":"1a1c01bbd47fc00a2c39e90264f33305004495a9","hash":"2cf08303ed07905794a6b854dd8ea76a379f75ce"}
,"/Users/lzb/Desktop/person/ts-babel-remove-console-plugin/src/utils.ts": {"path":"/Users/lzb/Desktop/person/ts-babel-remove-console-plugin/src/utils.ts","statementMap":{"0":{"start":{"line":25,"column":20},"end":{"line":25,"column":74}},"1":{"start":{"line":27,"column":21},"end":{"line":27,"column":77}},"2":{"start":{"line":29,"column":4},"end":{"line":29,"column":41}},"3":{"start":{"line":29,"column":27},"end":{"line":29,"column":41}},"4":{"start":{"line":32,"column":4},"end":{"line":32,"column":59}},"5":{"start":{"line":32,"column":46},"end":{"line":32,"column":59}},"6":{"start":{"line":35,"column":4},"end":{"line":35,"column":59}},"7":{"start":{"line":35,"column":46},"end":{"line":35,"column":59}},"8":{"start":{"line":37,"column":20},"end":{"line":38,"column":88}},"9":{"start":{"line":41,"column":4},"end":{"line":41,"column":19}},"10":{"start":{"line":46,"column":20},"end":{"line":46,"column":74}},"11":{"start":{"line":48,"column":21},"end":{"line":48,"column":77}},"12":{"start":{"line":50,"column":4},"end":{"line":50,"column":41}},"13":{"start":{"line":50,"column":27},"end":{"line":50,"column":41}},"14":{"start":{"line":52,"column":4},"end":{"line":52,"column":51}},"15":{"start":{"line":52,"column":37},"end":{"line":52,"column":51}},"16":{"start":{"line":54,"column":4},"end":{"line":54,"column":59}},"17":{"start":{"line":54,"column":46},"end":{"line":54,"column":59}},"18":{"start":{"line":57,"column":20},"end":{"line":58,"column":79}},"19":{"start":{"line":60,"column":4},"end":{"line":60,"column":19}},"20":{"start":{"line":71,"column":4},"end":{"line":71,"column":79}},"21":{"start":{"line":71,"column":47},"end":{"line":71,"column":76}},"22":{"start":{"line":76,"column":4},"end":{"line":76,"column":96}},"23":{"start":{"line":83,"column":4},"end":{"line":83,"column":55}},"24":{"start":{"line":87,"column":4},"end":{"line":87,"column":60}}},"fnMap":{"0":{"name":"isIncludedConsole","decl":{"start":{"line":23,"column":16},"end":{"line":23,"column":33}},"loc":{"start":{"line":23,"column":109},"end":{"line":42,"column":1}},"line":23},"1":{"name":"isIncludedConsoleBind","decl":{"start":{"line":44,"column":16},"end":{"line":44,"column":37}},"loc":{"start":{"line":44,"column":115},"end":{"line":63,"column":1}},"line":44},"2":{"name":"isNameInArray","decl":{"start":{"line":70,"column":16},"end":{"line":70,"column":29}},"loc":{"start":{"line":70,"column":117},"end":{"line":72,"column":1}},"line":70},"3":{"name":"(anonymous_3)","decl":{"start":{"line":71,"column":39},"end":{"line":71,"column":40}},"loc":{"start":{"line":71,"column":47},"end":{"line":71,"column":76}},"line":71},"4":{"name":"isIdWithNameGlobal","decl":{"start":{"line":75,"column":16},"end":{"line":75,"column":34}},"loc":{"start":{"line":75,"column":72},"end":{"line":77,"column":1}},"line":75},"5":{"name":"createVoid","decl":{"start":{"line":82,"column":16},"end":{"line":82,"column":26}},"loc":{"start":{"line":82,"column":46},"end":{"line":84,"column":1}},"line":82},"6":{"name":"createNoop","decl":{"start":{"line":86,"column":16},"end":{"line":86,"column":26}},"loc":{"start":{"line":86,"column":49},"end":{"line":88,"column":1}},"line":86}},"branchMap":{"0":{"loc":{"start":{"line":29,"column":4},"end":{"line":29,"column":41}},"type":"if","locations":[{"start":{"line":29,"column":4},"end":{"line":29,"column":41}},{"start":{},"end":{}}],"line":29},"1":{"loc":{"start":{"line":32,"column":4},"end":{"line":32,"column":59}},"type":"if","locations":[{"start":{"line":32,"column":4},"end":{"line":32,"column":59}},{"start":{},"end":{}}],"line":32},"2":{"loc":{"start":{"line":35,"column":4},"end":{"line":35,"column":59}},"type":"if","locations":[{"start":{"line":35,"column":4},"end":{"line":35,"column":59}},{"start":{},"end":{}}],"line":35},"3":{"loc":{"start":{"line":37,"column":20},"end":{"line":38,"column":88}},"type":"binary-expr","locations":[{"start":{"line":37,"column":20},"end":{"line":37,"column":83}},{"start":{"line":38,"column":9},"end":{"line":38,"column":46}},{"start":{"line":38,"column":50},"end":{"line":38,"column":87}}],"line":37},"4":{"loc":{"start":{"line":50,"column":4},"end":{"line":50,"column":41}},"type":"if","locations":[{"start":{"line":50,"column":4},"end":{"line":50,"column":41}},{"start":{},"end":{}}],"line":50},"5":{"loc":{"start":{"line":52,"column":4},"end":{"line":52,"column":51}},"type":"if","locations":[{"start":{"line":52,"column":4},"end":{"line":52,"column":51}},{"start":{},"end":{}}],"line":52},"6":{"loc":{"start":{"line":54,"column":4},"end":{"line":54,"column":59}},"type":"if","locations":[{"start":{"line":54,"column":4},"end":{"line":54,"column":59}},{"start":{},"end":{}}],"line":54},"7":{"loc":{"start":{"line":57,"column":20},"end":{"line":58,"column":79}},"type":"binary-expr","locations":[{"start":{"line":57,"column":20},"end":{"line":57,"column":83}},{"start":{"line":58,"column":8},"end":{"line":58,"column":79}}],"line":57},"8":{"loc":{"start":{"line":71,"column":15},"end":{"line":71,"column":77}},"type":"binary-expr","locations":[{"start":{"line":71,"column":15},"end":{"line":71,"column":22}},{"start":{"line":71,"column":26},"end":{"line":71,"column":77}}],"line":71},"9":{"loc":{"start":{"line":76,"column":13},"end":{"line":76,"column":94}},"type":"binary-expr","locations":[{"start":{"line":76,"column":13},"end":{"line":76,"column":36}},{"start":{"line":76,"column":40},"end":{"line":76,"column":66}},{"start":{"line":76,"column":70},"end":{"line":76,"column":94}}],"line":76}},"s":{"0":14,"1":14,"2":14,"3":8,"4":6,"5":2,"6":4,"7":4,"8":0,"9":0,"10":5,"11":5,"12":5,"13":4,"14":1,"15":1,"16":0,"17":0,"18":0,"19":0,"20":6,"21":6,"22":4,"23":0,"24":0},"f":{"0":14,"1":5,"2":6,"3":6,"4":4,"5":0,"6":0},"b":{"0":[8,6],"1":[2,4],"2":[4,0],"3":[0,0,0],"4":[4,1],"5":[1,0],"6":[0,0],"7":[0,0],"8":[6,6],"9":[4,4,4]},"_coverageSchema":"1a1c01bbd47fc00a2c39e90264f33305004495a9","hash":"7bca38bfd2e86fdcb43191783ff8d41374323582"}
}
