TN:
SF:src/index.ts
FN:12,removeConsolePlugin
FN:15,(anonymous_1)
FN:41,(anonymous_2)
FNF:3
FNH:3
FNDA:2,removeConsolePlugin
FNDA:11,(anonymous_1)
FNDA:5,(anonymous_2)
DA:14,2
DA:17,11
DA:20,11
DA:21,2
DA:24,9
DA:26,4
DA:28,4
DA:31,0
DA:33,5
DA:35,0
DA:43,5
DA:44,0
DA:46,5
DA:47,0
DA:48,0
DA:49,0
DA:51,0
DA:58,2
LF:18
LH:11
BRDA:20,0,0,2
BRDA:20,0,1,9
BRDA:24,1,0,4
BRDA:24,1,1,5
BRDA:26,2,0,4
BRDA:26,2,1,0
BRDA:33,3,0,0
BRDA:33,3,1,5
BRDA:43,4,0,0
BRDA:43,4,1,5
BRDA:43,5,0,5
BRDA:43,5,1,0
BRDA:46,6,0,0
BRDA:46,6,1,5
BRDA:46,7,0,5
BRDA:46,7,1,0
BRDA:47,8,0,0
BRDA:47,8,1,0
BRDA:47,9,0,0
BRDA:47,9,1,0
BRF:20
BRH:10
end_of_record
TN:
SF:src/utils.ts
FN:23,isIncludedConsole
FN:44,isIncludedConsoleBind
FN:70,isNameInArray
FN:71,(anonymous_3)
FN:75,isIdWithNameGlobal
FN:82,createVoid
FN:86,createNoop
FNF:7
FNH:5
FNDA:14,isIncludedConsole
FNDA:5,isIncludedConsoleBind
FNDA:6,isNameInArray
FNDA:6,(anonymous_3)
FNDA:4,isIdWithNameGlobal
FNDA:0,createVoid
FNDA:0,createNoop
DA:25,14
DA:27,14
DA:29,14
DA:32,6
DA:35,4
DA:37,0
DA:41,0
DA:46,5
DA:48,5
DA:50,5
DA:52,1
DA:54,0
DA:57,0
DA:60,0
DA:71,6
DA:76,4
DA:83,0
DA:87,0
LF:18
LH:11
BRDA:29,0,0,8
BRDA:29,0,1,6
BRDA:32,1,0,2
BRDA:32,1,1,4
BRDA:35,2,0,4
BRDA:35,2,1,0
BRDA:37,3,0,0
BRDA:37,3,1,0
BRDA:37,3,2,0
BRDA:50,4,0,4
BRDA:50,4,1,1
BRDA:52,5,0,1
BRDA:52,5,1,0
BRDA:54,6,0,0
BRDA:54,6,1,0
BRDA:57,7,0,0
BRDA:57,7,1,0
BRDA:71,8,0,6
BRDA:71,8,1,6
BRDA:76,9,0,4
BRDA:76,9,1,4
BRDA:76,9,2,4
BRF:22
BRH:13
end_of_record
